current directory: /home/bertyn/Documents/Formation_THP/ruby_on_rail/rails_part/i-love-forms/path/gems/pg-1.0.0/ext
/usr/bin/ruby2.5 -r ./siteconf20180731-2740-rzejrv.rb extconf.rb
checking for pg_config... no
No pg_config... trying anyway. If building fails, please try again with
 --with-pg-config=/path/to/pg_config
checking for libpq-fe.h... no
Can't find the 'libpq-fe.h header
*** extconf.rb failed ***
Could not create Makefile due to some reason, probably lack of necessary
libraries and/or headers.  Check the mkmf.log file for more details.  You may
need configuration options.

Provided configuration options:
	--with-opt-dir
	--without-opt-dir
	--with-opt-include
	--without-opt-include=${opt-dir}/include
	--with-opt-lib
	--without-opt-lib=${opt-dir}/lib
	--with-make-prog
	--without-make-prog
	--srcdir=.
	--curdir
	--ruby=/usr/bin/$(RUBY_BASE_NAME)2.5
	--with-pg
	--without-pg
	--enable-windows-cross
	--disable-windows-cross
	--with-pg-config
	--without-pg-config
	--with-pg_config
	--without-pg_config
	--with-pg-dir
	--without-pg-dir
	--with-pg-include
	--without-pg-include=${pg-dir}/include
	--with-pg-lib
	--without-pg-lib=${pg-dir}/lib

To see why this extension failed to compile, please check the mkmf.log which can be found here:

  /home/bertyn/Documents/Formation_THP/ruby_on_rail/rails_part/i-love-forms/path/extensions/x86_64-linux/2.5.0/pg-1.0.0/mkmf.log

extconf failed, exit code 1
